Arguments: 
  /home/wendyv510/.nvm/versions/node/v14.5.0/bin/node /mnt/c/Program Files (x86)/Yarn/bin/yarn.js install

PATH: 
  /home/wendyv510/.rvm/gems/ruby-2.6.1/bin:/home/wendyv510/.rvm/gems/ruby-2.6.1@global/bin:/home/wendyv510/.rvm/rubies/ruby-2.6.1/bin:/home/wendyv510/.nvm/versions/node/v14.5.0/bin:/usr/local/sbin:/usr/local/bin:/usr/sbin:/usr/bin:/sbin:/bin:/usr/games:/usr/local/games:/mnt/c/Program Files (x86)/Intel/iCLS Client/:/mnt/c/Program Files/Intel/iCLS Client/:/mnt/c/WINDOWS/system32:/mnt/c/WINDOWS:/mnt/c/WINDOWS/System32/Wbem:/mnt/c/WINDOWS/System32/WindowsPowerShell/v1.0/:/mnt/c/WINDOWS/System32/OpenSSH/:/mnt/c/Program Files/Intel/WiFi/bin/:/mnt/c/Program Files/Common Files/Intel/WirelessCommon/:/mnt/c/Program Files (x86)/nodejs/:/mnt/c/Program Files (x86)/Yarn/bin/:/mnt/c/Program Files/Git/cmd:/mnt/c/Users/wendy/AppData/Local/Microsoft/WindowsApps:/mnt/c/Users/wendy/AppData/Local/Programs/Microsoft VS Code/bin:/mnt/c/Users/wendy/AppData/Roaming/npm:/mnt/c/Users/wendy/AppData/Local/Yarn/bin:/mnt/c/Users/wendy/AppData/Local/GitHubDesktop/bin:/snap/bin:/home/wendyv510/.rvm/bin:/home/wendyv510/.rvm/bin

Yarn version: 
  1.22.4

Node version: 
  14.5.0

Platform: 
  linux x64

Trace: 
  Error: https://registry.yarnpkg.com/@firebase/firestore/-/firestore-2.3.8.tgz: ESOCKETTIMEDOUT
      at ClientRequest.<anonymous> (/mnt/c/Program Files (x86)/Yarn/lib/cli.js:141375:19)
      at Object.onceWrapper (events.js:420:28)
      at ClientRequest.emit (events.js:314:20)
      at TLSSocket.emitRequestTimeout (_http_client.js:769:9)
      at Object.onceWrapper (events.js:420:28)
      at TLSSocket.emit (events.js:326:22)
      at TLSSocket.Socket._onTimeout (net.js:483:8)
      at listOnTimeout (internal/timers.js:551:17)
      at processTimers (internal/timers.js:494:7)

npm manifest: 
  {
    "name": "portfolio",
    "version": "0.1.0",
    "private": true,
    "dependencies": {
      "@fortawesome/fontawesome-svg-core": "^1.2.35",
      "@fortawesome/free-solid-svg-icons": "^5.15.3",
      "@fortawesome/react-fontawesome": "^0.1.14",
      "@testing-library/jest-dom": "^5.11.4",
      "@testing-library/react": "^11.1.0",
      "@testing-library/user-event": "^12.1.10",
      "bootstrap": "^4.6.0",
      "firebase": "^8.4.1",
      "react": "^17.0.2",
      "react-dom": "^17.0.2",
      "react-hook-form": "^7.10.0",
      "react-router-dom": "^5.2.0",
      "react-scripts": "4.0.3",
      "react-typed": "^1.2.0",
      "web-vitals": "^1.0.1"
    },
    "scripts": {
      "start": "react-scripts start",
      "build": "react-scripts build",
      "test": "react-scripts test",
      "eject": "react-scripts eject"
    },
    "eslintConfig": {
      "extends": [
        "react-app",
        "react-app/jest"
      ]
    },
    "browserslist": {
      "production": [
        ">0.2%",
        "not dead",
        "not op_mini all"
      ],
      "development": [
        "last 1 chrome version",
        "last 1 firefox version",
        "last 1 safari version"
      ]
    }
  }

yarn manifest: 
  No manifest

Lockfile: 
  No lockfile
